2025-08-06 08:02:28,216: INFO: Test case -TC001 Verify login with valid credentials (Admin / admin123) [started] 
2025-08-06 08:02:35,693: INFO: Test case -TC001 Verify login with valid credentials (Admin / admin123)- [assertion]
2025-08-06 08:02:35,693: INFO: Test case -TC001 Verify login with valid credentials (Admin / admin123) [Finished] 
2025-08-06 08:02:39,221: INFO: TC002: Invalid username [Started]
2025-08-06 08:02:46,661: INFO: TC002: Invalid username [assertion started]
2025-08-06 08:02:46,668: INFO: TC002: Invalid username [Finished]
2025-08-06 08:02:50,219: INFO: TC003: Invalid Password [Started]
2025-08-06 08:02:57,014: INFO: TC003: Invalid Password [assertion started]
2025-08-06 08:02:57,020: INFO: TC003: Invalid Password [Finished]
2025-08-06 08:03:00,493: INFO: TC003: Invalid Username & Password [Started]
2025-08-06 08:03:07,379: INFO: TC003: Invalid Username & Password [assertion started]
2025-08-06 08:03:07,385: INFO: TC003: Invalid Username & Password [Finished]
2025-08-06 08:03:10,857: INFO: TC005: Blank Password & Password [Started]
2025-08-06 08:03:17,538: INFO: TC005: Blank Password & Password [assertion started]
2025-08-06 08:03:17,544: INFO: TC005: Blank Password & Password [Finished]
2025-08-06 13:14:48,693: INFO: Test case -TC001 Verify login with valid credentials (Admin / admin123) [started] 
2025-08-06 13:14:55,110: INFO: Test case -TC001 Verify login with valid credentials (Admin / admin123)- [assertion]
2025-08-06 13:14:55,110: INFO: Test case -TC001 Verify login with valid credentials (Admin / admin123) [Finished] 
2025-08-06 13:14:58,467: INFO: TC002: Invalid username [Started]
2025-08-06 13:16:20,753: INFO: TC002: Invalid username [assertion started]
2025-08-06 13:16:20,761: INFO: TC002: Invalid username [Finished]
2025-08-06 13:16:24,150: INFO: TC003: Invalid Password [Started]
2025-08-06 13:16:30,911: INFO: TC003: Invalid Password [assertion started]
2025-08-06 13:16:30,919: INFO: TC003: Invalid Password [Finished]
2025-08-06 13:16:34,340: INFO: TC003: Invalid Username & Password [Started]
2025-08-06 13:16:41,050: INFO: TC003: Invalid Username & Password [assertion started]
2025-08-06 13:16:41,057: INFO: TC003: Invalid Username & Password [Finished]
2025-08-06 13:16:44,509: INFO: TC005: Blank Password & Password [Started]
2025-08-06 13:17:01,378: INFO: TC005: Blank Password & Password [assertion started]
2025-08-06 13:17:01,385: INFO: TC005: Blank Password & Password [Finished]
2025-08-06 14:57:48,922: INFO: Test case -TC001 Verify login with valid credentials (Admin / admin123) [started] 
2025-08-06 14:57:55,379: INFO: Test case -TC001 Verify login with valid credentials (Admin / admin123)- [assertion]
2025-08-06 14:57:55,379: INFO: Test case -TC001 Verify login with valid credentials (Admin / admin123) [Finished] 
2025-08-06 14:57:58,779: INFO: TC002: Invalid username [Started]
2025-08-06 14:58:06,263: INFO: TC002: Invalid username [assertion started]
2025-08-06 14:58:06,269: INFO: TC002: Invalid username [Finished]
2025-08-06 14:58:09,734: INFO: TC003: Invalid Password [Started]
2025-08-06 14:58:16,665: INFO: TC003: Invalid Password [assertion started]
2025-08-06 14:58:16,672: INFO: TC003: Invalid Password [Finished]
2025-08-06 14:58:20,068: INFO: TC003: Invalid Username & Password [Started]
2025-08-06 14:58:26,723: INFO: TC003: Invalid Username & Password [assertion started]
2025-08-06 14:58:26,729: INFO: TC003: Invalid Username & Password [Finished]
2025-08-06 14:58:30,093: INFO: TC005: Blank Password & Password [Started]
2025-08-06 14:58:36,635: INFO: TC005: Blank Password & Password [assertion started]
2025-08-06 14:58:36,644: INFO: TC005: Blank Password & Password [Finished]
2025-08-08 14:39:24,513: INFO: Test case -TC001 Verify login with valid credentials (Admin / admin123) [started] 
2025-08-08 14:39:31,485: INFO: Test case -TC001 Verify login with valid credentials (Admin / admin123)- [assertion]
2025-08-08 14:39:31,486: INFO: Test case -TC001 Verify login with valid credentials (Admin / admin123) [Finished] 
2025-08-08 14:39:35,211: INFO: TC002: Invalid username [Started]
2025-08-08 14:39:42,571: INFO: TC002: Invalid username [assertion started]
2025-08-08 14:39:42,586: INFO: TC002: Invalid username [Finished]
2025-08-08 14:39:46,315: INFO: TC003: Invalid Password [Started]
2025-08-08 14:39:53,063: INFO: TC003: Invalid Password [assertion started]
2025-08-08 14:39:53,076: INFO: TC003: Invalid Password [Finished]
2025-08-08 14:39:56,815: INFO: TC003: Invalid Username & Password [Started]
2025-08-08 14:40:04,019: INFO: TC003: Invalid Username & Password [assertion started]
2025-08-08 14:40:04,028: INFO: TC003: Invalid Username & Password [Finished]
2025-08-08 14:40:07,919: INFO: TC005: Blank Password & Password [Started]
2025-08-08 14:40:14,979: INFO: TC005: Blank Password & Password [assertion started]
2025-08-08 14:40:14,992: INFO: TC005: Blank Password & Password [Finished]
2025-08-13 10:45:16,367: INFO: Test case -TC001 Verify login with valid credentials (Admin / admin123) [started] 
2025-08-13 10:45:23,463: INFO: Test case -TC001 Verify login with valid credentials (Admin / admin123)- [assertion]
2025-08-13 10:45:23,463: INFO: Test case -TC001 Verify login with valid credentials (Admin / admin123) [Finished] 
2025-08-13 10:45:26,832: INFO: TC002: Invalid username [Started]
2025-08-13 10:45:33,521: INFO: TC002: Invalid username [assertion started]
2025-08-13 10:45:33,532: INFO: TC002: Invalid username [Finished]
2025-08-13 10:45:36,852: INFO: TC003: Invalid Password [Started]
2025-08-13 10:45:43,468: INFO: TC003: Invalid Password [assertion started]
2025-08-13 10:45:43,475: INFO: TC003: Invalid Password [Finished]
2025-08-13 10:45:46,745: INFO: TC003: Invalid Username & Password [Started]
2025-08-13 10:45:53,310: INFO: TC003: Invalid Username & Password [assertion started]
2025-08-13 10:45:53,316: INFO: TC003: Invalid Username & Password [Finished]
2025-08-13 10:45:56,609: INFO: TC005: Blank Password & Password [Started]
2025-08-13 10:46:03,537: INFO: TC005: Blank Password & Password [assertion started]
2025-08-13 10:46:03,541: INFO: TC005: Blank Password & Password [Finished]
2025-08-13 10:47:29,278: INFO: Test case -TC001 Verify login with valid credentials (Admin / admin123) [started] 
2025-08-13 10:47:35,739: INFO: Test case -TC001 Verify login with valid credentials (Admin / admin123)- [assertion]
2025-08-13 10:47:35,739: INFO: Test case -TC001 Verify login with valid credentials (Admin / admin123) [Finished] 
2025-08-13 10:47:39,082: INFO: TC002: Invalid username [Started]
2025-08-13 10:47:45,448: INFO: TC002: Invalid username [assertion started]
2025-08-13 10:47:45,453: INFO: TC002: Invalid username [Finished]
2025-08-13 10:47:48,741: INFO: TC003: Invalid Password [Started]
2025-08-13 10:47:55,350: INFO: TC003: Invalid Password [assertion started]
2025-08-13 10:47:55,357: INFO: TC003: Invalid Password [Finished]
2025-08-13 10:47:58,650: INFO: TC003: Invalid Username & Password [Started]
2025-08-13 10:48:04,984: INFO: TC003: Invalid Username & Password [assertion started]
2025-08-13 10:48:04,990: INFO: TC003: Invalid Username & Password [Finished]
2025-08-13 10:48:08,312: INFO: TC005: Blank Password & Password [Started]
2025-08-13 10:48:14,639: INFO: TC005: Blank Password & Password [assertion started]
2025-08-13 10:48:14,645: INFO: TC005: Blank Password & Password [Finished]
