08/05/25 08:38:11: INFO: Test case -TC001 Verify login with valid credentials (Admin / admin123) [started] 
08/05/25 08:38:18: INFO: Test case -TC001 Verify login with valid credentials (Admin / admin123)- [assertion]
08/05/25 08:38:18: INFO: Test case -TC001 Verify login with valid credentials (Admin / admin123) [Finished] 
08/05/25 08:39:07: INFO: Test case -TC001 Verify login with valid credentials (Admin / admin123) [started] 
08/05/25 08:39:13: INFO: Test case -TC001 Verify login with valid credentials (Admin / admin123)- [assertion]
08/05/25 08:39:13: INFO: Test case -TC001 Verify login with valid credentials (Admin / admin123) [Finished] 
08/05/25 08:40:16: INFO: Test case -TC001 Verify login with valid credentials (Admin / admin123) [started] 
08/05/25 08:40:32: INFO: Test case -TC001 Verify login with valid credentials (Admin / admin123) [started] 
08/05/25 08:41:33: INFO: Test case -TC001 Verify login with valid credentials (Admin / admin123) [started] 
08/05/25 08:42:39: INFO: Test case -TC001 Verify login with valid credentials (Admin / admin123) [started] 
08/05/25 08:42:47: INFO: Test case -TC001 Verify login with valid credentials (Admin / admin123)- [assertion]
08/05/25 08:42:47: INFO: Test case -TC001 Verify login with valid credentials (Admin / admin123) [Finished] 
08/05/25 08:43:25: INFO: Test case -TC001 Verify login with valid credentials (Admin / admin123) [started] 
08/05/25 08:43:31: INFO: Test case -TC001 Verify login with valid credentials (Admin / admin123)- [assertion]
08/05/25 08:43:31: INFO: Test case -TC001 Verify login with valid credentials (Admin / admin123) [Finished] 
08/05/25 08:58:59: INFO: Test case -TC001 Verify login with valid credentials (Admin / admin123) [started] 
08/05/25 08:59:05: INFO: Test case -TC001 Verify login with valid credentials (Admin / admin123)- [assertion]
08/05/25 08:59:05: INFO: Test case -TC001 Verify login with valid credentials (Admin / admin123) [Finished] 
08/05/25 08:59:09: INFO: # TC002 Verify login with invalid username [Started]
08/05/25 08:59:09: INFO: # TC002 Verify login with invalid username [Started]
08/05/25 08:59:15: INFO: Test case - TC002 Verify login with invalid username [assertion]
08/05/25 08:59:15: INFO: Test case - TC002 Verify login with invalid username [assertion]
08/05/25 08:59:47: INFO: Test case -TC001 Verify login with valid credentials (Admin / admin123) [started] 
08/05/25 08:59:55: INFO: Test case -TC001 Verify login with valid credentials (Admin / admin123)- [assertion]
08/05/25 08:59:55: INFO: Test case -TC001 Verify login with valid credentials (Admin / admin123) [Finished] 
08/05/25 08:59:58: INFO: # TC002 Verify login with invalid username [Started]
08/05/25 08:59:58: INFO: # TC002 Verify login with invalid username [Started]
08/05/25 09:00:05: INFO: Test case - TC002 Verify login with invalid username [assertion]
08/05/25 09:00:05: INFO: Test case - TC002 Verify login with invalid username [assertion]
08/05/25 09:00:05: INFO: Test case- TC002 Verify login with invalid username [Completed] 
08/05/25 09:00:05: INFO: Test case- TC002 Verify login with invalid username [Completed] 
08/05/25 11:01:52: INFO: Test case -TC001 Verify login with valid credentials (Admin / admin123) [started] 
08/05/25 11:01:59: INFO: Test case -TC001 Verify login with valid credentials (Admin / admin123)- [assertion]
08/05/25 11:01:59: INFO: Test case -TC001 Verify login with valid credentials (Admin / admin123) [Finished] 
08/05/25 11:02:02: INFO: # TC002 Verify login with invalid username [Started]
08/05/25 11:02:02: INFO: # TC002 Verify login with invalid username [Started]
08/05/25 11:02:09: INFO: Test case - TC002 Verify login with invalid username [assertion]
08/05/25 11:02:09: INFO: Test case - TC002 Verify login with invalid username [assertion]
08/05/25 11:02:09: INFO: Test case- TC002 Verify login with invalid username [Completed] 
08/05/25 11:02:09: INFO: Test case- TC002 Verify login with invalid username [Completed] 
08/05/25 11:12:17: INFO: Test case -TC001 Verify login with valid credentials (Admin / admin123) [started] 
08/05/25 11:12:24: INFO: Test case -TC001 Verify login with valid credentials (Admin / admin123)- [assertion]
08/05/25 11:12:24: INFO: Test case -TC001 Verify login with valid credentials (Admin / admin123) [Finished] 
08/05/25 11:12:27: INFO: # TC002 Verify login with invalid username [Started]
08/05/25 11:12:27: INFO: # TC002 Verify login with invalid username [Started]
08/05/25 11:12:34: INFO: Test case - TC002 Verify login with invalid username [assertion]
08/05/25 11:12:34: INFO: Test case - TC002 Verify login with invalid username [assertion]
08/05/25 11:12:34: INFO: Test case- TC002 Verify login with invalid username [Completed] 
08/05/25 11:12:34: INFO: Test case- TC002 Verify login with invalid username [Completed] 
08/05/25 11:13:43: INFO: Test case -TC001 Verify login with valid credentials (Admin / admin123) [started] 
08/05/25 11:13:50: INFO: Test case -TC001 Verify login with valid credentials (Admin / admin123)- [assertion]
08/05/25 11:13:50: INFO: Test case -TC001 Verify login with valid credentials (Admin / admin123) [Finished] 
08/05/25 11:13:54: INFO: # TC002 Verify login with invalid username [Started]
08/05/25 11:13:54: INFO: # TC002 Verify login with invalid username [Started]
08/05/25 11:14:01: INFO: Test case - TC002 Verify login with invalid username [assertion]
08/05/25 11:14:01: INFO: Test case - TC002 Verify login with invalid username [assertion]
08/05/25 11:14:01: INFO: Test case- TC002 Verify login with invalid username [Completed] 
08/05/25 11:14:01: INFO: Test case- TC002 Verify login with invalid username [Completed] 
08/05/25 11:14:51: INFO: Test case -TC001 Verify login with valid credentials (Admin / admin123) [started] 
08/05/25 11:14:59: INFO: Test case -TC001 Verify login with valid credentials (Admin / admin123)- [assertion]
08/05/25 11:14:59: INFO: Test case -TC001 Verify login with valid credentials (Admin / admin123) [Finished] 
08/05/25 11:15:02: INFO: # TC002 Verify login with invalid username [Started]
08/05/25 11:15:02: INFO: # TC002 Verify login with invalid username [Started]
08/05/25 11:15:09: INFO: Test case - TC002 Verify login with invalid username [assertion]
08/05/25 11:15:09: INFO: Test case - TC002 Verify login with invalid username [assertion]
08/05/25 11:15:09: INFO: Test case- TC002 Verify login with invalid username [Completed] 
08/05/25 11:15:09: INFO: Test case- TC002 Verify login with invalid username [Completed] 
08/05/25 11:16:30: INFO: Test case -TC001 Verify login with valid credentials (Admin / admin123) [started] 
08/05/25 11:16:38: INFO: Test case -TC001 Verify login with valid credentials (Admin / admin123)- [assertion]
08/05/25 11:16:38: INFO: Test case -TC001 Verify login with valid credentials (Admin / admin123) [Finished] 
08/05/25 11:16:41: INFO: # TC002 Verify login with invalid username [Started]
08/05/25 11:16:41: INFO: # TC002 Verify login with invalid username [Started]
08/05/25 11:16:48: INFO: Test case - TC002 Verify login with invalid username [assertion]
08/05/25 11:16:48: INFO: Test case - TC002 Verify login with invalid username [assertion]
08/05/25 11:16:48: INFO: Test case- TC002 Verify login with invalid username [Completed] 
08/05/25 11:16:48: INFO: Test case- TC002 Verify login with invalid username [Completed] 
08/05/25 11:17:43: INFO: Test case -TC001 Verify login with valid credentials (Admin / admin123) [started] 
08/05/25 11:17:49: INFO: Test case -TC001 Verify login with valid credentials (Admin / admin123)- [assertion]
08/05/25 11:17:49: INFO: Test case -TC001 Verify login with valid credentials (Admin / admin123) [Finished] 
08/05/25 11:17:53: INFO: # TC002 Verify login with invalid username [Started]
08/05/25 11:17:53: INFO: # TC002 Verify login with invalid username [Started]
08/05/25 11:18:00: INFO: Test case - TC002 Verify login with invalid username [assertion]
08/05/25 11:18:00: INFO: Test case - TC002 Verify login with invalid username [assertion]
08/05/25 11:18:00: INFO: Test case- TC002 Verify login with invalid username [Completed] 
08/05/25 11:18:00: INFO: Test case- TC002 Verify login with invalid username [Completed] 
08/05/25 11:19:12: INFO: Test case -TC001 Verify login with valid credentials (Admin / admin123) [started] 
08/05/25 11:19:20: INFO: Test case -TC001 Verify login with valid credentials (Admin / admin123)- [assertion]
08/05/25 11:19:20: INFO: Test case -TC001 Verify login with valid credentials (Admin / admin123) [Finished] 
08/05/25 11:19:23: INFO: # TC002 Verify login with invalid username [Started]
08/05/25 11:19:23: INFO: # TC002 Verify login with invalid username [Started]
08/05/25 11:19:30: INFO: Test case - TC002 Verify login with invalid username [assertion]
08/05/25 11:19:30: INFO: Test case - TC002 Verify login with invalid username [assertion]
08/05/25 11:19:30: INFO: Test case- TC002 Verify login with invalid username [Completed] 
08/05/25 11:19:30: INFO: Test case- TC002 Verify login with invalid username [Completed] 
08/05/25 03:10:59: INFO: Test case -TC001 Verify login with valid credentials (Admin / admin123) [started] 
08/05/25 03:11:06: INFO: Test case -TC001 Verify login with valid credentials (Admin / admin123)- [assertion]
08/05/25 03:11:06: INFO: Test case -TC001 Verify login with valid credentials (Admin / admin123) [Finished] 
08/05/25 03:11:10: INFO: {test_description} [Started]
08/05/25 03:11:10: INFO: {test_description} [Started]
08/05/25 03:11:22: INFO: {test_description} [Started]
08/05/25 03:11:22: INFO: {test_description} [Started]
08/05/25 03:11:22: INFO: {test_description} [Started]
08/05/25 03:11:32: INFO: {test_description} [Started]
08/05/25 03:11:32: INFO: {test_description} [Started]
08/05/25 03:11:32: INFO: {test_description} [Started]
08/05/25 03:11:32: INFO: {test_description} [Started]
08/05/25 03:11:43: INFO: {test_description} [Started]
08/05/25 03:11:43: INFO: {test_description} [Started]
08/05/25 03:11:43: INFO: {test_description} [Started]
08/05/25 03:11:43: INFO: {test_description} [Started]
08/05/25 03:11:43: INFO: {test_description} [Started]
08/05/25 03:13:45: INFO: Test case -TC001 Verify login with valid credentials (Admin / admin123) [started] 
08/05/25 03:13:53: INFO: Test case -TC001 Verify login with valid credentials (Admin / admin123)- [assertion]
08/05/25 03:13:53: INFO: Test case -TC001 Verify login with valid credentials (Admin / admin123) [Finished] 
08/05/25 03:13:56: INFO: {test_description} [Started]
08/05/25 03:13:56: INFO: {test_description} [Started]
08/05/25 03:14:07: INFO: {test_description} [Started]
08/05/25 03:14:07: INFO: {test_description} [Started]
08/05/25 03:14:07: INFO: {test_description} [Started]
08/05/25 03:14:17: INFO: {test_description} [Started]
08/05/25 03:14:17: INFO: {test_description} [Started]
08/05/25 03:14:17: INFO: {test_description} [Started]
08/05/25 03:14:17: INFO: {test_description} [Started]
08/05/25 03:14:28: INFO: {test_description} [Started]
08/05/25 03:14:28: INFO: {test_description} [Started]
08/05/25 03:14:28: INFO: {test_description} [Started]
08/05/25 03:14:28: INFO: {test_description} [Started]
08/05/25 03:14:28: INFO: {test_description} [Started]
08/05/25 03:14:56: INFO: Test case -TC001 Verify login with valid credentials (Admin / admin123) [started] 
08/05/25 03:15:03: INFO: Test case -TC001 Verify login with valid credentials (Admin / admin123)- [assertion]
08/05/25 03:15:03: INFO: Test case -TC001 Verify login with valid credentials (Admin / admin123) [Finished] 
08/05/25 03:15:06: INFO: {test_description} [Started]
08/05/25 03:15:06: INFO: {test_description} [Started]
08/05/25 03:15:17: INFO: {test_description} [Started]
08/05/25 03:15:17: INFO: {test_description} [Started]
08/05/25 03:15:17: INFO: {test_description} [Started]
08/05/25 03:15:28: INFO: {test_description} [Started]
08/05/25 03:15:28: INFO: {test_description} [Started]
08/05/25 03:15:28: INFO: {test_description} [Started]
08/05/25 03:15:28: INFO: {test_description} [Started]
08/05/25 03:15:38: INFO: {test_description} [Started]
08/05/25 03:15:38: INFO: {test_description} [Started]
08/05/25 03:15:38: INFO: {test_description} [Started]
08/05/25 03:15:38: INFO: {test_description} [Started]
08/05/25 03:15:38: INFO: {test_description} [Started]
08/05/25 03:17:16: INFO: Test case -TC001 Verify login with valid credentials (Admin / admin123) [started] 
08/05/25 03:17:23: INFO: Test case -TC001 Verify login with valid credentials (Admin / admin123)- [assertion]
08/05/25 03:17:23: INFO: Test case -TC001 Verify login with valid credentials (Admin / admin123) [Finished] 
08/05/25 03:17:26: INFO: TC002: Invalid username [Started]
08/05/25 03:17:26: INFO: TC002: Invalid username [Started]
08/05/25 03:17:36: INFO: TC003: Invalid Password [Started]
08/05/25 03:17:36: INFO: TC003: Invalid Password [Started]
08/05/25 03:17:36: INFO: TC003: Invalid Password [Started]
08/05/25 03:17:45: INFO: TC003: Invalid Username & Password [Started]
08/05/25 03:17:45: INFO: TC003: Invalid Username & Password [Started]
08/05/25 03:17:45: INFO: TC003: Invalid Username & Password [Started]
08/05/25 03:17:45: INFO: TC003: Invalid Username & Password [Started]
08/05/25 03:17:55: INFO: TC005: Blank Password & Password [Started]
08/05/25 03:17:55: INFO: TC005: Blank Password & Password [Started]
08/05/25 03:17:55: INFO: TC005: Blank Password & Password [Started]
08/05/25 03:17:55: INFO: TC005: Blank Password & Password [Started]
08/05/25 03:17:55: INFO: TC005: Blank Password & Password [Started]
08/05/25 03:18:39: INFO: Test case -TC001 Verify login with valid credentials (Admin / admin123) [started] 
08/05/25 03:18:49: INFO: TC002: Invalid username [Started]
08/05/25 03:18:49: INFO: TC002: Invalid username [Started]
08/05/25 03:18:59: INFO: TC003: Invalid Password [Started]
08/05/25 03:18:59: INFO: TC003: Invalid Password [Started]
08/05/25 03:18:59: INFO: TC003: Invalid Password [Started]
08/05/25 03:19:08: INFO: TC003: Invalid Username & Password [Started]
08/05/25 03:19:08: INFO: TC003: Invalid Username & Password [Started]
08/05/25 03:19:08: INFO: TC003: Invalid Username & Password [Started]
08/05/25 03:19:08: INFO: TC003: Invalid Username & Password [Started]
08/05/25 03:19:18: INFO: TC005: Blank Password & Password [Started]
08/05/25 03:19:18: INFO: TC005: Blank Password & Password [Started]
08/05/25 03:19:18: INFO: TC005: Blank Password & Password [Started]
08/05/25 03:19:18: INFO: TC005: Blank Password & Password [Started]
08/05/25 03:19:18: INFO: TC005: Blank Password & Password [Started]
08/05/25 03:22:24: INFO: Test case -TC001 Verify login with valid credentials (Admin / admin123) [started] 
08/05/25 03:22:32: INFO: Test case -TC001 Verify login with valid credentials (Admin / admin123)- [assertion]
08/05/25 03:22:32: INFO: Test case -TC001 Verify login with valid credentials (Admin / admin123) [Finished] 
08/05/25 03:22:35: INFO: TC002: Invalid username [Started]
08/05/25 03:22:35: INFO: TC002: Invalid username [Started]
08/05/25 03:22:46: INFO: TC003: Invalid Password [Started]
08/05/25 03:22:46: INFO: TC003: Invalid Password [Started]
08/05/25 03:22:46: INFO: TC003: Invalid Password [Started]
08/05/25 03:22:56: INFO: TC003: Invalid Username & Password [Started]
08/05/25 03:22:56: INFO: TC003: Invalid Username & Password [Started]
08/05/25 03:22:56: INFO: TC003: Invalid Username & Password [Started]
08/05/25 03:22:56: INFO: TC003: Invalid Username & Password [Started]
08/05/25 03:23:06: INFO: TC005: Blank Password & Password [Started]
08/05/25 03:23:06: INFO: TC005: Blank Password & Password [Started]
08/05/25 03:23:06: INFO: TC005: Blank Password & Password [Started]
08/05/25 03:23:06: INFO: TC005: Blank Password & Password [Started]
08/05/25 03:23:06: INFO: TC005: Blank Password & Password [Started]
